{"D:\\Kuliah\\Project\\Twnty Cafe\\fourtwnty-cafe\\server\\src\\config\\database.ts": {"path":"D:\\Kuliah\\Project\\Twnty Cafe\\fourtwnty-cafe\\server\\src\\config\\database.ts","statementMap":{"0":{"start":{"line":14,"column":0},"end":{"line":14,"column":16}},"1":{"start":{"line":16,"column":25},"end":{"line":23,"column":2}},"2":{"start":{"line":26,"column":0},"end":{"line":26,"column":21}}},"fnMap":{},"branchMap":{},"s":{"0":1,"1":1,"2":1},"f":{},"b":{}}
,"D:\\Kuliah\\Project\\Twnty Cafe\\fourtwnty-cafe\\server\\src\\controllers\\createStaffController.ts": {"path":"D:\\Kuliah\\Project\\Twnty Cafe\\fourtwnty-cafe\\server\\src\\controllers\\createStaffController.ts","statementMap":{"0":{"start":{"line":6,"column":27},"end":{"line":21,"column":1}},"1":{"start":{"line":7,"column":4},"end":{"line":20,"column":5}},"2":{"start":{"line":8,"column":22},"end":{"line":15,"column":10}},"3":{"start":{"line":16,"column":8},"end":{"line":16,"column":24}},"4":{"start":{"line":18,"column":8},"end":{"line":18,"column":29}},"5":{"start":{"line":19,"column":8},"end":{"line":19,"column":65}},"6":{"start":{"line":23,"column":28},"end":{"line":51,"column":1}},"7":{"start":{"line":24,"column":4},"end":{"line":50,"column":5}},"8":{"start":{"line":25,"column":23},"end":{"line":25,"column":33}},"9":{"start":{"line":26,"column":22},"end":{"line":34,"column":10}},"10":{"start":{"line":36,"column":8},"end":{"line":41,"column":9}},"11":{"start":{"line":37,"column":12},"end":{"line":40,"column":null}},"12":{"start":{"line":43,"column":8},"end":{"line":46,"column":null}},"13":{"start":{"line":48,"column":8},"end":{"line":48,"column":29}},"14":{"start":{"line":49,"column":8},"end":{"line":49,"column":67}},"15":{"start":{"line":53,"column":27},"end":{"line":93,"column":1}},"16":{"start":{"line":54,"column":4},"end":{"line":92,"column":5}},"17":{"start":{"line":55,"column":24},"end":{"line":55,"column":32}},"18":{"start":{"line":56,"column":8},"end":{"line":56,"column":30}},"19":{"start":{"line":58,"column":48},"end":{"line":58,"column":55}},"20":{"start":{"line":59,"column":31},"end":{"line":59,"column":62}},"21":{"start":{"line":60,"column":8},"end":{"line":60,"column":36}},"22":{"start":{"line":61,"column":8},"end":{"line":61,"column":42}},"23":{"start":{"line":63,"column":8},"end":{"line":68,"column":9}},"24":{"start":{"line":64,"column":12},"end":{"line":67,"column":null}},"25":{"start":{"line":70,"column":25},"end":{"line":77,"column":10}},"26":{"start":{"line":79,"column":8},"end":{"line":88,"column":null}},"27":{"start":{"line":90,"column":8},"end":{"line":90,"column":29}},"28":{"start":{"line":91,"column":8},"end":{"line":91,"column":null}},"29":{"start":{"line":95,"column":27},"end":{"line":127,"column":1}},"30":{"start":{"line":96,"column":4},"end":{"line":126,"column":5}},"31":{"start":{"line":97,"column":23},"end":{"line":97,"column":33}},"32":{"start":{"line":98,"column":37},"end":{"line":98,"column":45}},"33":{"start":{"line":99,"column":22},"end":{"line":107,"column":10}},"34":{"start":{"line":109,"column":8},"end":{"line":114,"column":9}},"35":{"start":{"line":110,"column":12},"end":{"line":113,"column":null}},"36":{"start":{"line":116,"column":8},"end":{"line":116,"column":49}},"37":{"start":{"line":117,"column":8},"end":{"line":121,"column":null}},"38":{"start":{"line":124,"column":8},"end":{"line":124,"column":29}},"39":{"start":{"line":125,"column":8},"end":{"line":125,"column":null}},"40":{"start":{"line":129,"column":27},"end":{"line":161,"column":1}},"41":{"start":{"line":130,"column":4},"end":{"line":160,"column":5}},"42":{"start":{"line":131,"column":23},"end":{"line":131,"column":33}},"43":{"start":{"line":132,"column":22},"end":{"line":140,"column":10}},"44":{"start":{"line":142,"column":8},"end":{"line":147,"column":9}},"45":{"start":{"line":143,"column":12},"end":{"line":146,"column":null}},"46":{"start":{"line":149,"column":8},"end":{"line":149,"column":30}},"47":{"start":{"line":151,"column":8},"end":{"line":155,"column":null}},"48":{"start":{"line":158,"column":8},"end":{"line":158,"column":29}},"49":{"start":{"line":159,"column":8},"end":{"line":159,"column":null}}},"fnMap":{"0":{"name":"(anonymous_0)","decl":{"start":{"line":6,"column":27},"end":{"line":6,"column":32}},"loc":{"start":{"line":6,"column":65},"end":{"line":21,"column":1}}},"1":{"name":"(anonymous_1)","decl":{"start":{"line":23,"column":28},"end":{"line":23,"column":33}},"loc":{"start":{"line":23,"column":66},"end":{"line":51,"column":1}}},"2":{"name":"(anonymous_2)","decl":{"start":{"line":53,"column":27},"end":{"line":53,"column":32}},"loc":{"start":{"line":53,"column":65},"end":{"line":93,"column":1}}},"3":{"name":"(anonymous_3)","decl":{"start":{"line":95,"column":27},"end":{"line":95,"column":32}},"loc":{"start":{"line":95,"column":65},"end":{"line":127,"column":1}}},"4":{"name":"(anonymous_4)","decl":{"start":{"line":129,"column":27},"end":{"line":129,"column":32}},"loc":{"start":{"line":129,"column":65},"end":{"line":161,"column":1}}}},"branchMap":{"0":{"loc":{"start":{"line":36,"column":8},"end":{"line":41,"column":9}},"type":"if","locations":[{"start":{"line":36,"column":8},"end":{"line":41,"column":9}},{"start":{},"end":{}}]},"1":{"loc":{"start":{"line":63,"column":8},"end":{"line":68,"column":9}},"type":"if","locations":[{"start":{"line":63,"column":8},"end":{"line":68,"column":9}},{"start":{},"end":{}}]},"2":{"loc":{"start":{"line":63,"column":12},"end":{"line":63,"column":50}},"type":"binary-expr","locations":[{"start":{"line":63,"column":12},"end":{"line":63,"column":17}},{"start":{"line":63,"column":21},"end":{"line":63,"column":27}},{"start":{"line":63,"column":31},"end":{"line":63,"column":40}},{"start":{"line":63,"column":44},"end":{"line":63,"column":50}}]},"3":{"loc":{"start":{"line":109,"column":8},"end":{"line":114,"column":9}},"type":"if","locations":[{"start":{"line":109,"column":8},"end":{"line":114,"column":9}},{"start":{},"end":{}}]},"4":{"loc":{"start":{"line":142,"column":8},"end":{"line":147,"column":9}},"type":"if","locations":[{"start":{"line":142,"column":8},"end":{"line":147,"column":9}},{"start":{},"end":{}}]}},"s":{"0":1,"1":1,"2":1,"3":1,"4":0,"5":0,"6":1,"7":1,"8":1,"9":1,"10":1,"11":0,"12":1,"13":0,"14":0,"15":1,"16":3,"17":3,"18":3,"19":3,"20":3,"21":3,"22":3,"23":3,"24":0,"25":3,"26":1,"27":2,"28":2,"29":1,"30":1,"31":1,"32":1,"33":1,"34":1,"35":0,"36":1,"37":1,"38":0,"39":0,"40":1,"41":1,"42":1,"43":1,"44":1,"45":0,"46":1,"47":1,"48":0,"49":0},"f":{"0":1,"1":1,"2":3,"3":1,"4":1},"b":{"0":[0,1],"1":[0,3],"2":[3,3,3,3],"3":[0,1],"4":[0,1]}}
,"D:\\Kuliah\\Project\\Twnty Cafe\\fourtwnty-cafe\\server\\src\\controllers\\menuController.ts": {"path":"D:\\Kuliah\\Project\\Twnty Cafe\\fourtwnty-cafe\\server\\src\\controllers\\menuController.ts","statementMap":{"0":{"start":{"line":6,"column":41},"end":{"line":27,"column":1}},"1":{"start":{"line":7,"column":4},"end":{"line":26,"column":5}},"2":{"start":{"line":8,"column":22},"end":{"line":17,"column":10}},"3":{"start":{"line":19,"column":8},"end":{"line":19,"column":24}},"4":{"start":{"line":22,"column":8},"end":{"line":22,"column":29}},"5":{"start":{"line":23,"column":8},"end":{"line":25,"column":11}},"6":{"start":{"line":29,"column":27},"end":{"line":57,"column":1}},"7":{"start":{"line":30,"column":4},"end":{"line":56,"column":5}},"8":{"start":{"line":31,"column":19},"end":{"line":31,"column":42}},"9":{"start":{"line":33,"column":21},"end":{"line":41,"column":10}},"10":{"start":{"line":43,"column":8},"end":{"line":47,"column":9}},"11":{"start":{"line":44,"column":12},"end":{"line":46,"column":15}},"12":{"start":{"line":49,"column":8},"end":{"line":49,"column":23}},"13":{"start":{"line":52,"column":8},"end":{"line":52,"column":29}},"14":{"start":{"line":53,"column":8},"end":{"line":55,"column":11}},"15":{"start":{"line":59,"column":26},"end":{"line":105,"column":1}},"16":{"start":{"line":60,"column":4},"end":{"line":104,"column":5}},"17":{"start":{"line":68,"column":12},"end":{"line":68,"column":20}},"18":{"start":{"line":70,"column":21},"end":{"line":76,"column":10}},"19":{"start":{"line":79,"column":8},"end":{"line":89,"column":9}},"20":{"start":{"line":80,"column":35},"end":{"line":85,"column":null}},"21":{"start":{"line":81,"column":31},"end":{"line":85,"column":18}},"22":{"start":{"line":88,"column":12},"end":{"line":88,"column":60}},"23":{"start":{"line":91,"column":8},"end":{"line":95,"column":11}},"24":{"start":{"line":98,"column":8},"end":{"line":98,"column":29}},"25":{"start":{"line":99,"column":8},"end":{"line":103,"column":11}},"26":{"start":{"line":107,"column":26},"end":{"line":169,"column":1}},"27":{"start":{"line":108,"column":4},"end":{"line":168,"column":5}},"28":{"start":{"line":109,"column":19},"end":{"line":109,"column":42}},"29":{"start":{"line":117,"column":12},"end":{"line":117,"column":20}},"30":{"start":{"line":119,"column":21},"end":{"line":119,"column":44}},"31":{"start":{"line":121,"column":8},"end":{"line":126,"column":9}},"32":{"start":{"line":122,"column":12},"end":{"line":125,"column":15}},"33":{"start":{"line":129,"column":8},"end":{"line":135,"column":11}},"34":{"start":{"line":138,"column":8},"end":{"line":140,"column":11}},"35":{"start":{"line":143,"column":8},"end":{"line":153,"column":9}},"36":{"start":{"line":144,"column":35},"end":{"line":149,"column":null}},"37":{"start":{"line":145,"column":31},"end":{"line":149,"column":18}},"38":{"start":{"line":152,"column":12},"end":{"line":152,"column":60}},"39":{"start":{"line":155,"column":8},"end":{"line":159,"column":11}},"40":{"start":{"line":162,"column":8},"end":{"line":162,"column":29}},"41":{"start":{"line":163,"column":8},"end":{"line":167,"column":11}},"42":{"start":{"line":171,"column":26},"end":{"line":205,"column":1}},"43":{"start":{"line":172,"column":4},"end":{"line":204,"column":5}},"44":{"start":{"line":173,"column":19},"end":{"line":173,"column":42}},"45":{"start":{"line":175,"column":21},"end":{"line":175,"column":44}},"46":{"start":{"line":177,"column":8},"end":{"line":182,"column":9}},"47":{"start":{"line":178,"column":12},"end":{"line":181,"column":15}},"48":{"start":{"line":185,"column":8},"end":{"line":187,"column":11}},"49":{"start":{"line":190,"column":8},"end":{"line":190,"column":29}},"50":{"start":{"line":192,"column":8},"end":{"line":195,"column":11}},"51":{"start":{"line":198,"column":8},"end":{"line":198,"column":29}},"52":{"start":{"line":199,"column":8},"end":{"line":203,"column":11}}},"fnMap":{"0":{"name":"(anonymous_0)","decl":{"start":{"line":6,"column":41},"end":{"line":6,"column":46}},"loc":{"start":{"line":6,"column":79},"end":{"line":27,"column":1}}},"1":{"name":"(anonymous_1)","decl":{"start":{"line":29,"column":27},"end":{"line":29,"column":32}},"loc":{"start":{"line":29,"column":65},"end":{"line":57,"column":1}}},"2":{"name":"(anonymous_2)","decl":{"start":{"line":59,"column":26},"end":{"line":59,"column":31}},"loc":{"start":{"line":59,"column":64},"end":{"line":105,"column":1}}},"3":{"name":"(anonymous_3)","decl":{"start":{"line":81,"column":16},"end":{"line":81,"column":17}},"loc":{"start":{"line":81,"column":31},"end":{"line":85,"column":18}}},"4":{"name":"(anonymous_4)","decl":{"start":{"line":107,"column":26},"end":{"line":107,"column":31}},"loc":{"start":{"line":107,"column":64},"end":{"line":169,"column":1}}},"5":{"name":"(anonymous_5)","decl":{"start":{"line":145,"column":16},"end":{"line":145,"column":17}},"loc":{"start":{"line":145,"column":31},"end":{"line":149,"column":18}}},"6":{"name":"(anonymous_6)","decl":{"start":{"line":171,"column":26},"end":{"line":171,"column":31}},"loc":{"start":{"line":171,"column":64},"end":{"line":205,"column":1}}}},"branchMap":{"0":{"loc":{"start":{"line":43,"column":8},"end":{"line":47,"column":9}},"type":"if","locations":[{"start":{"line":43,"column":8},"end":{"line":47,"column":9}},{"start":{},"end":{}}]},"1":{"loc":{"start":{"line":74,"column":28},"end":{"line":74,"column":72}},"type":"cond-expr","locations":[{"start":{"line":74,"column":51},"end":{"line":74,"column":65}},{"start":{"line":74,"column":68},"end":{"line":74,"column":72}}]},"2":{"loc":{"start":{"line":79,"column":8},"end":{"line":89,"column":9}},"type":"if","locations":[{"start":{"line":79,"column":8},"end":{"line":89,"column":9}},{"start":{},"end":{}}]},"3":{"loc":{"start":{"line":79,"column":12},"end":{"line":79,"column":49}},"type":"binary-expr","locations":[{"start":{"line":79,"column":12},"end":{"line":79,"column":23}},{"start":{"line":79,"column":27},"end":{"line":79,"column":49}}]},"4":{"loc":{"start":{"line":121,"column":8},"end":{"line":126,"column":9}},"type":"if","locations":[{"start":{"line":121,"column":8},"end":{"line":126,"column":9}},{"start":{},"end":{}}]},"5":{"loc":{"start":{"line":133,"column":28},"end":{"line":133,"column":72}},"type":"cond-expr","locations":[{"start":{"line":133,"column":51},"end":{"line":133,"column":65}},{"start":{"line":133,"column":68},"end":{"line":133,"column":72}}]},"6":{"loc":{"start":{"line":143,"column":8},"end":{"line":153,"column":9}},"type":"if","locations":[{"start":{"line":143,"column":8},"end":{"line":153,"column":9}},{"start":{},"end":{}}]},"7":{"loc":{"start":{"line":143,"column":12},"end":{"line":143,"column":49}},"type":"binary-expr","locations":[{"start":{"line":143,"column":12},"end":{"line":143,"column":23}},{"start":{"line":143,"column":27},"end":{"line":143,"column":49}}]},"8":{"loc":{"start":{"line":177,"column":8},"end":{"line":182,"column":9}},"type":"if","locations":[{"start":{"line":177,"column":8},"end":{"line":182,"column":9}},{"start":{},"end":{}}]}},"s":{"0":1,"1":1,"2":1,"3":1,"4":0,"5":0,"6":1,"7":1,"8":1,"9":1,"10":1,"11":0,"12":1,"13":0,"14":0,"15":1,"16":1,"17":1,"18":1,"19":1,"20":0,"21":0,"22":0,"23":1,"24":0,"25":0,"26":1,"27":1,"28":1,"29":1,"30":1,"31":1,"32":0,"33":1,"34":1,"35":1,"36":0,"37":0,"38":0,"39":1,"40":0,"41":0,"42":1,"43":1,"44":1,"45":1,"46":1,"47":0,"48":1,"49":1,"50":1,"51":0,"52":0},"f":{"0":1,"1":1,"2":1,"3":0,"4":1,"5":0,"6":1},"b":{"0":[0,1],"1":[0,1],"2":[0,1],"3":[1,0],"4":[0,1],"5":[0,1],"6":[0,1],"7":[1,0],"8":[0,1]}}
,"D:\\Kuliah\\Project\\Twnty Cafe\\fourtwnty-cafe\\server\\src\\controllers\\orderController.ts": {"path":"D:\\Kuliah\\Project\\Twnty Cafe\\fourtwnty-cafe\\server\\src\\controllers\\orderController.ts","statementMap":{"0":{"start":{"line":11,"column":26},"end":{"line":24,"column":1}},"1":{"start":{"line":12,"column":4},"end":{"line":23,"column":5}},"2":{"start":{"line":13,"column":21},"end":{"line":15,"column":10}},"3":{"start":{"line":17,"column":8},"end":{"line":17,"column":23}},"4":{"start":{"line":20,"column":8},"end":{"line":22,"column":11}},"5":{"start":{"line":26,"column":27},"end":{"line":177,"column":1}},"6":{"start":{"line":27,"column":4},"end":{"line":176,"column":5}},"7":{"start":{"line":28,"column":22},"end":{"line":28,"column":30}},"8":{"start":{"line":30,"column":28},"end":{"line":34,"column":10}},"9":{"start":{"line":36,"column":8},"end":{"line":42,"column":9}},"10":{"start":{"line":37,"column":12},"end":{"line":41,"column":15}},"11":{"start":{"line":47,"column":8},"end":{"line":75,"column":9}},"12":{"start":{"line":48,"column":32},"end":{"line":57,"column":null}},"13":{"start":{"line":60,"column":12},"end":{"line":74,"column":13}},"14":{"start":{"line":61,"column":16},"end":{"line":61,"column":42}},"15":{"start":{"line":62,"column":29},"end":{"line":62,"column":65}},"16":{"start":{"line":63,"column":16},"end":{"line":63,"column":null}},"17":{"start":{"line":64,"column":30},"end":{"line":64,"column":39}},"18":{"start":{"line":66,"column":38},"end":{"line":66,"column":50}},"19":{"start":{"line":68,"column":16},"end":{"line":73,"column":17}},"20":{"start":{"line":69,"column":20},"end":{"line":72,"column":23}},"21":{"start":{"line":80,"column":8},"end":{"line":105,"column":9}},"22":{"start":{"line":81,"column":32},"end":{"line":91,"column":null}},"23":{"start":{"line":94,"column":12},"end":{"line":104,"column":13}},"24":{"start":{"line":95,"column":29},"end":{"line":95,"column":65}},"25":{"start":{"line":97,"column":30},"end":{"line":97,"column":39}},"26":{"start":{"line":99,"column":38},"end":{"line":99,"column":66}},"27":{"start":{"line":101,"column":16},"end":{"line":103,"column":19}},"28":{"start":{"line":107,"column":22},"end":{"line":113,"column":null}},"29":{"start":{"line":112,"column":16},"end":{"line":112,"column":48}},"30":{"start":{"line":116,"column":24},"end":{"line":145,"column":10}},"31":{"start":{"line":134,"column":26},"end":{"line":143,"column":22}},"32":{"start":{"line":148,"column":12},"end":{"line":161,"column":null}},"33":{"start":{"line":164,"column":8},"end":{"line":167,"column":11}},"34":{"start":{"line":170,"column":8},"end":{"line":170,"column":29}},"35":{"start":{"line":172,"column":8},"end":{"line":175,"column":11}},"36":{"start":{"line":180,"column":34},"end":{"line":236,"column":1}},"37":{"start":{"line":181,"column":4},"end":{"line":235,"column":5}},"38":{"start":{"line":182,"column":22},"end":{"line":227,"column":10}},"39":{"start":{"line":229,"column":8},"end":{"line":229,"column":24}},"40":{"start":{"line":231,"column":8},"end":{"line":231,"column":27}},"41":{"start":{"line":232,"column":8},"end":{"line":234,"column":11}},"42":{"start":{"line":238,"column":24},"end":{"line":292,"column":1}},"43":{"start":{"line":239,"column":4},"end":{"line":291,"column":5}},"44":{"start":{"line":240,"column":28},"end":{"line":240,"column":38}},"45":{"start":{"line":241,"column":27},"end":{"line":241,"column":35}},"46":{"start":{"line":243,"column":24},"end":{"line":250,"column":10}},"47":{"start":{"line":252,"column":8},"end":{"line":257,"column":9}},"48":{"start":{"line":253,"column":12},"end":{"line":256,"column":15}},"49":{"start":{"line":260,"column":8},"end":{"line":263,"column":11}},"50":{"start":{"line":266,"column":8},"end":{"line":275,"column":10}},"51":{"start":{"line":277,"column":8},"end":{"line":281,"column":11}},"52":{"start":{"line":284,"column":8},"end":{"line":284,"column":29}},"53":{"start":{"line":286,"column":8},"end":{"line":290,"column":11}},"54":{"start":{"line":294,"column":42},"end":{"line":323,"column":1}},"55":{"start":{"line":295,"column":4},"end":{"line":322,"column":5}},"56":{"start":{"line":296,"column":25},"end":{"line":312,"column":10}},"57":{"start":{"line":314,"column":8},"end":{"line":314,"column":27}},"58":{"start":{"line":317,"column":8},"end":{"line":317,"column":27}},"59":{"start":{"line":319,"column":8},"end":{"line":321,"column":11}}},"fnMap":{"0":{"name":"(anonymous_0)","decl":{"start":{"line":11,"column":26},"end":{"line":11,"column":31}},"loc":{"start":{"line":11,"column":64},"end":{"line":24,"column":1}}},"1":{"name":"(anonymous_1)","decl":{"start":{"line":26,"column":27},"end":{"line":26,"column":32}},"loc":{"start":{"line":26,"column":65},"end":{"line":177,"column":1}}},"2":{"name":"(anonymous_2)","decl":{"start":{"line":108,"column":12},"end":{"line":108,"column":null}},"loc":{"start":{"line":112,"column":16},"end":{"line":112,"column":48}}},"3":{"name":"(anonymous_3)","decl":{"start":{"line":132,"column":20},"end":{"line":132,"column":null}},"loc":{"start":{"line":134,"column":26},"end":{"line":143,"column":22}}},"4":{"name":"(anonymous_4)","decl":{"start":{"line":180,"column":34},"end":{"line":180,"column":39}},"loc":{"start":{"line":180,"column":72},"end":{"line":236,"column":1}}},"5":{"name":"(anonymous_5)","decl":{"start":{"line":238,"column":24},"end":{"line":238,"column":29}},"loc":{"start":{"line":238,"column":62},"end":{"line":292,"column":1}}},"6":{"name":"(anonymous_6)","decl":{"start":{"line":294,"column":42},"end":{"line":294,"column":47}},"loc":{"start":{"line":294,"column":80},"end":{"line":323,"column":1}}}},"branchMap":{"0":{"loc":{"start":{"line":36,"column":8},"end":{"line":42,"column":9}},"type":"if","locations":[{"start":{"line":36,"column":8},"end":{"line":42,"column":9}},{"start":{},"end":{}}]},"1":{"loc":{"start":{"line":68,"column":16},"end":{"line":73,"column":17}},"type":"if","locations":[{"start":{"line":68,"column":16},"end":{"line":73,"column":17}},{"start":{},"end":{}}]},"2":{"loc":{"start":{"line":141,"column":28},"end":{"line":142,"column":30}},"type":"binary-expr","locations":[{"start":{"line":141,"column":28},"end":{"line":141,"column":46}},{"start":{"line":142,"column":28},"end":{"line":142,"column":30}}]},"3":{"loc":{"start":{"line":252,"column":8},"end":{"line":257,"column":9}},"type":"if","locations":[{"start":{"line":252,"column":8},"end":{"line":257,"column":9}},{"start":{},"end":{}}]}},"s":{"0":1,"1":0,"2":0,"3":0,"4":0,"5":1,"6":1,"7":1,"8":1,"9":0,"10":0,"11":0,"12":0,"13":0,"14":0,"15":0,"16":0,"17":0,"18":0,"19":0,"20":0,"21":0,"22":0,"23":0,"24":0,"25":0,"26":0,"27":0,"28":0,"29":0,"30":0,"31":0,"32":0,"33":0,"34":1,"35":1,"36":1,"37":0,"38":0,"39":0,"40":0,"41":0,"42":1,"43":0,"44":0,"45":0,"46":0,"47":0,"48":0,"49":0,"50":0,"51":0,"52":0,"53":0,"54":1,"55":0,"56":0,"57":0,"58":0,"59":0},"f":{"0":0,"1":1,"2":0,"3":0,"4":0,"5":0,"6":0},"b":{"0":[0,0],"1":[0,0],"2":[0,0],"3":[0,0]}}
,"D:\\Kuliah\\Project\\Twnty Cafe\\fourtwnty-cafe\\server\\src\\controllers\\reportController.ts": {"path":"D:\\Kuliah\\Project\\Twnty Cafe\\fourtwnty-cafe\\server\\src\\controllers\\reportController.ts","statementMap":{"0":{"start":{"line":7,"column":25},"end":{"line":64,"column":1}},"1":{"start":{"line":8,"column":0},"end":{"line":63,"column":5}},"2":{"start":{"line":9,"column":31},"end":{"line":9,"column":40}},"3":{"start":{"line":11,"column":8},"end":{"line":13,"column":9}},"4":{"start":{"line":12,"column":8},"end":{"line":12,"column":76}},"5":{"start":{"line":14,"column":26},"end":{"line":14,"column":51}},"6":{"start":{"line":15,"column":8},"end":{"line":15,"column":39}},"7":{"start":{"line":17,"column":24},"end":{"line":17,"column":47}},"8":{"start":{"line":18,"column":8},"end":{"line":18,"column":42}},"9":{"start":{"line":20,"column":23},"end":{"line":35,"column":10}},"10":{"start":{"line":37,"column":28},"end":{"line":37,"column":41}},"11":{"start":{"line":38,"column":29},"end":{"line":41,"column":13}},"12":{"start":{"line":39,"column":25},"end":{"line":39,"column":36}},"13":{"start":{"line":40,"column":12},"end":{"line":40,"column":61}},"14":{"start":{"line":44,"column":23},"end":{"line":44,"column":90}},"15":{"start":{"line":44,"column":46},"end":{"line":44,"column":82}},"16":{"start":{"line":45,"column":25},"end":{"line":45,"column":93}},"17":{"start":{"line":45,"column":48},"end":{"line":45,"column":85}},"18":{"start":{"line":46,"column":23},"end":{"line":46,"column":85}},"19":{"start":{"line":46,"column":46},"end":{"line":46,"column":77}},"20":{"start":{"line":47,"column":26},"end":{"line":47,"column":91}},"21":{"start":{"line":47,"column":49},"end":{"line":47,"column":83}},"22":{"start":{"line":49,"column":8},"end":{"line":58,"column":11}},"23":{"start":{"line":61,"column":8},"end":{"line":61,"column":46}},"24":{"start":{"line":62,"column":8},"end":{"line":62,"column":70}}},"fnMap":{"0":{"name":"(anonymous_0)","decl":{"start":{"line":7,"column":25},"end":{"line":7,"column":30}},"loc":{"start":{"line":7,"column":63},"end":{"line":64,"column":1}}},"1":{"name":"(anonymous_1)","decl":{"start":{"line":38,"column":43},"end":{"line":38,"column":44}},"loc":{"start":{"line":38,"column":58},"end":{"line":41,"column":9}}},"2":{"name":"(anonymous_2)","decl":{"start":{"line":44,"column":37},"end":{"line":44,"column":42}},"loc":{"start":{"line":44,"column":46},"end":{"line":44,"column":82}}},"3":{"name":"(anonymous_3)","decl":{"start":{"line":45,"column":39},"end":{"line":45,"column":44}},"loc":{"start":{"line":45,"column":48},"end":{"line":45,"column":85}}},"4":{"name":"(anonymous_4)","decl":{"start":{"line":46,"column":37},"end":{"line":46,"column":42}},"loc":{"start":{"line":46,"column":46},"end":{"line":46,"column":77}}},"5":{"name":"(anonymous_5)","decl":{"start":{"line":47,"column":40},"end":{"line":47,"column":45}},"loc":{"start":{"line":47,"column":49},"end":{"line":47,"column":83}}}},"branchMap":{"0":{"loc":{"start":{"line":11,"column":8},"end":{"line":13,"column":9}},"type":"if","locations":[{"start":{"line":11,"column":8},"end":{"line":13,"column":9}},{"start":{},"end":{}}]},"1":{"loc":{"start":{"line":11,"column":12},"end":{"line":11,"column":26}},"type":"binary-expr","locations":[{"start":{"line":11,"column":12},"end":{"line":11,"column":18}},{"start":{"line":11,"column":22},"end":{"line":11,"column":26}}]}},"s":{"0":1,"1":0,"2":0,"3":0,"4":0,"5":0,"6":0,"7":0,"8":0,"9":0,"10":0,"11":0,"12":0,"13":0,"14":0,"15":0,"16":0,"17":0,"18":0,"19":0,"20":0,"21":0,"22":0,"23":0,"24":0},"f":{"0":0,"1":0,"2":0,"3":0,"4":0,"5":0},"b":{"0":[0,0],"1":[0,0]}}
,"D:\\Kuliah\\Project\\Twnty Cafe\\fourtwnty-cafe\\server\\src\\controllers\\reservationController.ts": {"path":"D:\\Kuliah\\Project\\Twnty Cafe\\fourtwnty-cafe\\server\\src\\controllers\\reservationController.ts","statementMap":{"0":{"start":{"line":8,"column":33},"end":{"line":28,"column":1}},"1":{"start":{"line":9,"column":4},"end":{"line":27,"column":5}},"2":{"start":{"line":10,"column":28},"end":{"line":22,"column":10}},"3":{"start":{"line":23,"column":8},"end":{"line":23,"column":30}},"4":{"start":{"line":25,"column":8},"end":{"line":25,"column":29}},"5":{"start":{"line":26,"column":8},"end":{"line":26,"column":null}},"6":{"start":{"line":30,"column":33},"end":{"line":76,"column":1}},"7":{"start":{"line":31,"column":4},"end":{"line":75,"column":5}},"8":{"start":{"line":32,"column":24},"end":{"line":32,"column":32}},"9":{"start":{"line":33,"column":8},"end":{"line":33,"column":30}},"10":{"start":{"line":34,"column":24},"end":{"line":34,"column":43}},"11":{"start":{"line":36,"column":68},"end":{"line":36,"column":75}},"12":{"start":{"line":37,"column":8},"end":{"line":42,"column":9}},"13":{"start":{"line":38,"column":12},"end":{"line":41,"column":null}},"14":{"start":{"line":44,"column":22},"end":{"line":48,"column":10}},"15":{"start":{"line":50,"column":8},"end":{"line":55,"column":9}},"16":{"start":{"line":51,"column":12},"end":{"line":54,"column":null}},"17":{"start":{"line":58,"column":31},"end":{"line":65,"column":10}},"18":{"start":{"line":67,"column":8},"end":{"line":71,"column":null}},"19":{"start":{"line":73,"column":8},"end":{"line":73,"column":29}},"20":{"start":{"line":74,"column":8},"end":{"line":74,"column":null}},"21":{"start":{"line":78,"column":44},"end":{"line":104,"column":1}},"22":{"start":{"line":79,"column":4},"end":{"line":103,"column":5}},"23":{"start":{"line":80,"column":23},"end":{"line":80,"column":33}},"24":{"start":{"line":81,"column":38},"end":{"line":81,"column":46}},"25":{"start":{"line":83,"column":28},"end":{"line":83,"column":68}},"26":{"start":{"line":84,"column":8},"end":{"line":88,"column":9}},"27":{"start":{"line":85,"column":12},"end":{"line":87,"column":null}},"28":{"start":{"line":90,"column":8},"end":{"line":92,"column":null}},"29":{"start":{"line":94,"column":8},"end":{"line":98,"column":null}},"30":{"start":{"line":101,"column":8},"end":{"line":101,"column":29}},"31":{"start":{"line":102,"column":8},"end":{"line":102,"column":null}},"32":{"start":{"line":106,"column":33},"end":{"line":141,"column":1}},"33":{"start":{"line":107,"column":4},"end":{"line":140,"column":5}},"34":{"start":{"line":108,"column":23},"end":{"line":108,"column":33}},"35":{"start":{"line":109,"column":39},"end":{"line":109,"column":47}},"36":{"start":{"line":111,"column":24},"end":{"line":111,"column":43}},"37":{"start":{"line":113,"column":28},"end":{"line":118,"column":10}},"38":{"start":{"line":120,"column":8},"end":{"line":124,"column":9}},"39":{"start":{"line":121,"column":12},"end":{"line":123,"column":null}},"40":{"start":{"line":126,"column":8},"end":{"line":129,"column":null}},"41":{"start":{"line":131,"column":8},"end":{"line":135,"column":null}},"42":{"start":{"line":138,"column":8},"end":{"line":138,"column":29}},"43":{"start":{"line":139,"column":8},"end":{"line":139,"column":null}},"44":{"start":{"line":143,"column":35},"end":{"line":168,"column":1}},"45":{"start":{"line":144,"column":4},"end":{"line":167,"column":5}},"46":{"start":{"line":145,"column":23},"end":{"line":145,"column":36}},"47":{"start":{"line":147,"column":29},"end":{"line":158,"column":10}},"48":{"start":{"line":160,"column":8},"end":{"line":163,"column":11}},"49":{"start":{"line":165,"column":8},"end":{"line":165,"column":29}},"50":{"start":{"line":166,"column":8},"end":{"line":166,"column":null}}},"fnMap":{"0":{"name":"(anonymous_0)","decl":{"start":{"line":8,"column":33},"end":{"line":8,"column":38}},"loc":{"start":{"line":8,"column":69},"end":{"line":28,"column":1}}},"1":{"name":"(anonymous_1)","decl":{"start":{"line":30,"column":33},"end":{"line":30,"column":38}},"loc":{"start":{"line":30,"column":71},"end":{"line":76,"column":1}}},"2":{"name":"(anonymous_2)","decl":{"start":{"line":78,"column":44},"end":{"line":78,"column":49}},"loc":{"start":{"line":78,"column":82},"end":{"line":104,"column":1}}},"3":{"name":"(anonymous_3)","decl":{"start":{"line":106,"column":33},"end":{"line":106,"column":38}},"loc":{"start":{"line":106,"column":71},"end":{"line":141,"column":1}}},"4":{"name":"(anonymous_4)","decl":{"start":{"line":143,"column":35},"end":{"line":143,"column":40}},"loc":{"start":{"line":143,"column":72},"end":{"line":168,"column":1}}}},"branchMap":{"0":{"loc":{"start":{"line":37,"column":8},"end":{"line":42,"column":9}},"type":"if","locations":[{"start":{"line":37,"column":8},"end":{"line":42,"column":9}},{"start":{},"end":{}}]},"1":{"loc":{"start":{"line":37,"column":12},"end":{"line":37,"column":49}},"type":"binary-expr","locations":[{"start":{"line":37,"column":12},"end":{"line":37,"column":32}},{"start":{"line":37,"column":36},"end":{"line":37,"column":49}}]},"2":{"loc":{"start":{"line":50,"column":8},"end":{"line":55,"column":9}},"type":"if","locations":[{"start":{"line":50,"column":8},"end":{"line":55,"column":9}},{"start":{},"end":{}}]},"3":{"loc":{"start":{"line":84,"column":8},"end":{"line":88,"column":9}},"type":"if","locations":[{"start":{"line":84,"column":8},"end":{"line":88,"column":9}},{"start":{},"end":{}}]},"4":{"loc":{"start":{"line":120,"column":8},"end":{"line":124,"column":9}},"type":"if","locations":[{"start":{"line":120,"column":8},"end":{"line":124,"column":9}},{"start":{},"end":{}}]}},"s":{"0":1,"1":1,"2":1,"3":0,"4":1,"5":1,"6":1,"7":1,"8":1,"9":1,"10":1,"11":1,"12":1,"13":0,"14":1,"15":0,"16":0,"17":0,"18":0,"19":1,"20":1,"21":1,"22":1,"23":1,"24":1,"25":1,"26":0,"27":0,"28":0,"29":0,"30":1,"31":1,"32":1,"33":0,"34":0,"35":0,"36":0,"37":0,"38":0,"39":0,"40":0,"41":0,"42":0,"43":0,"44":1,"45":0,"46":0,"47":0,"48":0,"49":0,"50":0},"f":{"0":1,"1":1,"2":1,"3":0,"4":0},"b":{"0":[0,1],"1":[1,1],"2":[0,0],"3":[0,0],"4":[0,0]}}
,"D:\\Kuliah\\Project\\Twnty Cafe\\fourtwnty-cafe\\server\\src\\controllers\\stockController.ts": {"path":"D:\\Kuliah\\Project\\Twnty Cafe\\fourtwnty-cafe\\server\\src\\controllers\\stockController.ts","statementMap":{"0":{"start":{"line":5,"column":27},"end":{"line":13,"column":1}},"1":{"start":{"line":6,"column":4},"end":{"line":12,"column":5}},"2":{"start":{"line":7,"column":22},"end":{"line":7,"column":43}},"3":{"start":{"line":8,"column":8},"end":{"line":8,"column":24}},"4":{"start":{"line":10,"column":8},"end":{"line":10,"column":null}},"5":{"start":{"line":11,"column":8},"end":{"line":11,"column":67}},"6":{"start":{"line":16,"column":27},"end":{"line":24,"column":1}},"7":{"start":{"line":17,"column":44},"end":{"line":17,"column":52}},"8":{"start":{"line":18,"column":4},"end":{"line":23,"column":5}},"9":{"start":{"line":19,"column":25},"end":{"line":19,"column":78}},"10":{"start":{"line":20,"column":8},"end":{"line":20,"column":27}},"11":{"start":{"line":22,"column":8},"end":{"line":22,"column":67}},"12":{"start":{"line":27,"column":27},"end":{"line":36,"column":1}},"13":{"start":{"line":28,"column":17},"end":{"line":28,"column":27}},"14":{"start":{"line":29,"column":44},"end":{"line":29,"column":52}},"15":{"start":{"line":30,"column":4},"end":{"line":35,"column":5}},"16":{"start":{"line":31,"column":29},"end":{"line":31,"column":101}},"17":{"start":{"line":32,"column":8},"end":{"line":32,"column":31}},"18":{"start":{"line":34,"column":8},"end":{"line":34,"column":67}},"19":{"start":{"line":39,"column":27},"end":{"line":48,"column":1}},"20":{"start":{"line":40,"column":17},"end":{"line":40,"column":27}},"21":{"start":{"line":41,"column":4},"end":{"line":47,"column":5}},"22":{"start":{"line":42,"column":29},"end":{"line":42,"column":67}},"23":{"start":{"line":43,"column":8},"end":{"line":43,"column":31}},"24":{"start":{"line":46,"column":8},"end":{"line":46,"column":67}}},"fnMap":{"0":{"name":"(anonymous_0)","decl":{"start":{"line":5,"column":27},"end":{"line":5,"column":32}},"loc":{"start":{"line":5,"column":65},"end":{"line":13,"column":1}}},"1":{"name":"(anonymous_1)","decl":{"start":{"line":16,"column":27},"end":{"line":16,"column":32}},"loc":{"start":{"line":16,"column":65},"end":{"line":24,"column":1}}},"2":{"name":"(anonymous_2)","decl":{"start":{"line":27,"column":27},"end":{"line":27,"column":32}},"loc":{"start":{"line":27,"column":65},"end":{"line":36,"column":1}}},"3":{"name":"(anonymous_3)","decl":{"start":{"line":39,"column":27},"end":{"line":39,"column":32}},"loc":{"start":{"line":39,"column":65},"end":{"line":48,"column":1}}}},"branchMap":{},"s":{"0":1,"1":1,"2":1,"3":1,"4":0,"5":0,"6":1,"7":1,"8":1,"9":1,"10":0,"11":1,"12":1,"13":0,"14":0,"15":0,"16":0,"17":0,"18":0,"19":1,"20":0,"21":0,"22":0,"23":0,"24":0},"f":{"0":1,"1":1,"2":0,"3":0},"b":{}}
,"D:\\Kuliah\\Project\\Twnty Cafe\\fourtwnty-cafe\\server\\src\\controllers\\tableInformationController.ts": {"path":"D:\\Kuliah\\Project\\Twnty Cafe\\fourtwnty-cafe\\server\\src\\controllers\\tableInformationController.ts","statementMap":{"0":{"start":{"line":7,"column":27},"end":{"line":20,"column":1}},"1":{"start":{"line":8,"column":4},"end":{"line":19,"column":5}},"2":{"start":{"line":9,"column":22},"end":{"line":14,"column":10}},"3":{"start":{"line":15,"column":8},"end":{"line":15,"column":24}},"4":{"start":{"line":17,"column":8},"end":{"line":17,"column":29}},"5":{"start":{"line":18,"column":8},"end":{"line":18,"column":65}},"6":{"start":{"line":22,"column":28},"end":{"line":47,"column":1}},"7":{"start":{"line":23,"column":4},"end":{"line":46,"column":5}},"8":{"start":{"line":24,"column":23},"end":{"line":24,"column":33}},"9":{"start":{"line":25,"column":22},"end":{"line":25,"column":67}},"10":{"start":{"line":31,"column":8},"end":{"line":36,"column":9}},"11":{"start":{"line":32,"column":12},"end":{"line":35,"column":null}},"12":{"start":{"line":38,"column":8},"end":{"line":41,"column":null}},"13":{"start":{"line":44,"column":8},"end":{"line":44,"column":29}},"14":{"start":{"line":45,"column":8},"end":{"line":45,"column":null}},"15":{"start":{"line":49,"column":24},"end":{"line":74,"column":1}},"16":{"start":{"line":50,"column":4},"end":{"line":73,"column":5}},"17":{"start":{"line":51,"column":24},"end":{"line":51,"column":32}},"18":{"start":{"line":52,"column":8},"end":{"line":52,"column":30}},"19":{"start":{"line":54,"column":59},"end":{"line":54,"column":66}},"20":{"start":{"line":56,"column":8},"end":{"line":61,"column":9}},"21":{"start":{"line":57,"column":12},"end":{"line":60,"column":null}},"22":{"start":{"line":63,"column":25},"end":{"line":63,"column":63}},"23":{"start":{"line":65,"column":8},"end":{"line":68,"column":null}},"24":{"start":{"line":71,"column":8},"end":{"line":71,"column":29}},"25":{"start":{"line":72,"column":8},"end":{"line":72,"column":null}},"26":{"start":{"line":76,"column":27},"end":{"line":107,"column":1}},"27":{"start":{"line":77,"column":4},"end":{"line":106,"column":5}},"28":{"start":{"line":78,"column":23},"end":{"line":78,"column":33}},"29":{"start":{"line":85,"column":59},"end":{"line":85,"column":67}},"30":{"start":{"line":87,"column":22},"end":{"line":87,"column":67}},"31":{"start":{"line":89,"column":8},"end":{"line":94,"column":9}},"32":{"start":{"line":90,"column":12},"end":{"line":93,"column":null}},"33":{"start":{"line":96,"column":8},"end":{"line":96,"column":71}},"34":{"start":{"line":97,"column":8},"end":{"line":101,"column":null}},"35":{"start":{"line":104,"column":8},"end":{"line":104,"column":29}},"36":{"start":{"line":105,"column":8},"end":{"line":105,"column":null}},"37":{"start":{"line":109,"column":27},"end":{"line":134,"column":1}},"38":{"start":{"line":110,"column":4},"end":{"line":133,"column":5}},"39":{"start":{"line":111,"column":23},"end":{"line":111,"column":33}},"40":{"start":{"line":112,"column":22},"end":{"line":112,"column":67}},"41":{"start":{"line":114,"column":8},"end":{"line":119,"column":9}},"42":{"start":{"line":115,"column":12},"end":{"line":118,"column":null}},"43":{"start":{"line":121,"column":8},"end":{"line":121,"column":30}},"44":{"start":{"line":123,"column":8},"end":{"line":127,"column":null}},"45":{"start":{"line":131,"column":8},"end":{"line":131,"column":29}},"46":{"start":{"line":132,"column":8},"end":{"line":132,"column":null}},"47":{"start":{"line":136,"column":36},"end":{"line":179,"column":1}},"48":{"start":{"line":137,"column":4},"end":{"line":178,"column":5}},"49":{"start":{"line":138,"column":28},"end":{"line":138,"column":37}},"50":{"start":{"line":140,"column":8},"end":{"line":144,"column":9}},"51":{"start":{"line":141,"column":12},"end":{"line":143,"column":null}},"52":{"start":{"line":146,"column":23},"end":{"line":150,"column":10}},"53":{"start":{"line":152,"column":35},"end":{"line":159,"column":10}},"54":{"start":{"line":160,"column":8},"end":{"line":160,"column":55}},"55":{"start":{"line":161,"column":8},"end":{"line":161,"column":75}},"56":{"start":{"line":164,"column":30},"end":{"line":164,"column":72}},"57":{"start":{"line":164,"column":60},"end":{"line":164,"column":71}},"58":{"start":{"line":165,"column":23},"end":{"line":171,"column":10}},"59":{"start":{"line":166,"column":30},"end":{"line":166,"column":44}},"60":{"start":{"line":167,"column":12},"end":{"line":170,"column":null}},"61":{"start":{"line":173,"column":8},"end":{"line":173,"column":32}},"62":{"start":{"line":176,"column":8},"end":{"line":176,"column":29}},"63":{"start":{"line":177,"column":8},"end":{"line":177,"column":96}}},"fnMap":{"0":{"name":"(anonymous_0)","decl":{"start":{"line":7,"column":27},"end":{"line":7,"column":32}},"loc":{"start":{"line":7,"column":65},"end":{"line":20,"column":1}}},"1":{"name":"(anonymous_1)","decl":{"start":{"line":22,"column":28},"end":{"line":22,"column":33}},"loc":{"start":{"line":22,"column":66},"end":{"line":47,"column":1}}},"2":{"name":"(anonymous_2)","decl":{"start":{"line":49,"column":24},"end":{"line":49,"column":29}},"loc":{"start":{"line":49,"column":62},"end":{"line":74,"column":1}}},"3":{"name":"(anonymous_3)","decl":{"start":{"line":76,"column":27},"end":{"line":76,"column":32}},"loc":{"start":{"line":76,"column":65},"end":{"line":107,"column":1}}},"4":{"name":"(anonymous_4)","decl":{"start":{"line":109,"column":27},"end":{"line":109,"column":32}},"loc":{"start":{"line":109,"column":65},"end":{"line":134,"column":1}}},"5":{"name":"(anonymous_5)","decl":{"start":{"line":136,"column":36},"end":{"line":136,"column":41}},"loc":{"start":{"line":136,"column":74},"end":{"line":179,"column":1}}},"6":{"name":"(anonymous_6)","decl":{"start":{"line":164,"column":53},"end":{"line":164,"column":56}},"loc":{"start":{"line":164,"column":60},"end":{"line":164,"column":71}}},"7":{"name":"(anonymous_7)","decl":{"start":{"line":165,"column":34},"end":{"line":165,"column":39}},"loc":{"start":{"line":165,"column":42},"end":{"line":171,"column":9}}}},"branchMap":{"0":{"loc":{"start":{"line":31,"column":8},"end":{"line":36,"column":9}},"type":"if","locations":[{"start":{"line":31,"column":8},"end":{"line":36,"column":9}},{"start":{},"end":{}}]},"1":{"loc":{"start":{"line":56,"column":8},"end":{"line":61,"column":9}},"type":"if","locations":[{"start":{"line":56,"column":8},"end":{"line":61,"column":9}},{"start":{},"end":{}}]},"2":{"loc":{"start":{"line":56,"column":12},"end":{"line":56,"column":60}},"type":"binary-expr","locations":[{"start":{"line":56,"column":12},"end":{"line":56,"column":25}},{"start":{"line":56,"column":29},"end":{"line":56,"column":40}},{"start":{"line":56,"column":44},"end":{"line":56,"column":49}},{"start":{"line":56,"column":53},"end":{"line":56,"column":60}}]},"3":{"loc":{"start":{"line":89,"column":8},"end":{"line":94,"column":9}},"type":"if","locations":[{"start":{"line":89,"column":8},"end":{"line":94,"column":9}},{"start":{},"end":{}}]},"4":{"loc":{"start":{"line":114,"column":8},"end":{"line":119,"column":9}},"type":"if","locations":[{"start":{"line":114,"column":8},"end":{"line":119,"column":9}},{"start":{},"end":{}}]},"5":{"loc":{"start":{"line":140,"column":8},"end":{"line":144,"column":9}},"type":"if","locations":[{"start":{"line":140,"column":8},"end":{"line":144,"column":9}},{"start":{},"end":{}}]}},"s":{"0":1,"1":1,"2":1,"3":1,"4":0,"5":0,"6":1,"7":1,"8":1,"9":1,"10":0,"11":0,"12":0,"13":1,"14":1,"15":1,"16":1,"17":1,"18":1,"19":1,"20":1,"21":0,"22":1,"23":1,"24":0,"25":0,"26":1,"27":1,"28":1,"29":1,"30":1,"31":0,"32":0,"33":0,"34":0,"35":1,"36":1,"37":1,"38":1,"39":1,"40":1,"41":0,"42":0,"43":0,"44":0,"45":1,"46":1,"47":1,"48":0,"49":0,"50":0,"51":0,"52":0,"53":0,"54":0,"55":0,"56":0,"57":0,"58":0,"59":0,"60":0,"61":0,"62":0,"63":0},"f":{"0":1,"1":1,"2":1,"3":1,"4":1,"5":0,"6":0,"7":0},"b":{"0":[0,0],"1":[0,1],"2":[1,1,1,1],"3":[0,0],"4":[0,0],"5":[0,0]}}
,"D:\\Kuliah\\Project\\Twnty Cafe\\fourtwnty-cafe\\server\\src\\controllers\\userController.ts": {"path":"D:\\Kuliah\\Project\\Twnty Cafe\\fourtwnty-cafe\\server\\src\\controllers\\userController.ts","statementMap":{"0":{"start":{"line":7,"column":25},"end":{"line":47,"column":1}},"1":{"start":{"line":8,"column":4},"end":{"line":46,"column":5}},"2":{"start":{"line":9,"column":36},"end":{"line":9,"column":44}},"3":{"start":{"line":12,"column":21},"end":{"line":12,"column":62}},"4":{"start":{"line":13,"column":8},"end":{"line":15,"column":9}},"5":{"start":{"line":14,"column":12},"end":{"line":14,"column":88}},"6":{"start":{"line":18,"column":24},"end":{"line":18,"column":85}},"7":{"start":{"line":19,"column":8},"end":{"line":21,"column":9}},"8":{"start":{"line":20,"column":12},"end":{"line":20,"column":71}},"9":{"start":{"line":24,"column":8},"end":{"line":26,"column":9}},"10":{"start":{"line":25,"column":12},"end":{"line":25,"column":54}},"11":{"start":{"line":27,"column":22},"end":{"line":34,"column":null}},"12":{"start":{"line":38,"column":8},"end":{"line":41,"column":11}},"13":{"start":{"line":44,"column":8},"end":{"line":44,"column":29}},"14":{"start":{"line":45,"column":8},"end":{"line":45,"column":57}},"15":{"start":{"line":50,"column":30},"end":{"line":72,"column":1}},"16":{"start":{"line":51,"column":4},"end":{"line":71,"column":5}},"17":{"start":{"line":52,"column":26},"end":{"line":52,"column":35}},"18":{"start":{"line":54,"column":21},"end":{"line":59,"column":10}},"19":{"start":{"line":61,"column":8},"end":{"line":65,"column":9}},"20":{"start":{"line":62,"column":12},"end":{"line":64,"column":15}},"21":{"start":{"line":66,"column":8},"end":{"line":66,"column":23}},"22":{"start":{"line":68,"column":8},"end":{"line":70,"column":11}},"23":{"start":{"line":75,"column":26},"end":{"line":96,"column":1}},"24":{"start":{"line":76,"column":4},"end":{"line":95,"column":5}},"25":{"start":{"line":77,"column":8},"end":{"line":77,"column":39}},"26":{"start":{"line":79,"column":49},"end":{"line":79,"column":57}},"27":{"start":{"line":80,"column":31},"end":{"line":80,"column":62}},"28":{"start":{"line":82,"column":21},"end":{"line":87,"column":10}},"29":{"start":{"line":89,"column":8},"end":{"line":89,"column":47}},"30":{"start":{"line":91,"column":8},"end":{"line":91,"column":35}},"31":{"start":{"line":93,"column":8},"end":{"line":93,"column":46}},"32":{"start":{"line":94,"column":8},"end":{"line":94,"column":65}},"33":{"start":{"line":101,"column":30},"end":{"line":158,"column":1}},"34":{"start":{"line":102,"column":4},"end":{"line":157,"column":5}},"35":{"start":{"line":103,"column":26},"end":{"line":103,"column":34}},"36":{"start":{"line":105,"column":8},"end":{"line":107,"column":9}},"37":{"start":{"line":106,"column":12},"end":{"line":106,"column":74}},"38":{"start":{"line":109,"column":21},"end":{"line":111,"column":10}},"39":{"start":{"line":113,"column":8},"end":{"line":115,"column":9}},"40":{"start":{"line":114,"column":12},"end":{"line":114,"column":78}},"41":{"start":{"line":117,"column":26},"end":{"line":117,"column":80}},"42":{"start":{"line":119,"column":8},"end":{"line":119,"column":53}},"43":{"start":{"line":122,"column":12},"end":{"line":128,"column":14}},"44":{"start":{"line":130,"column":8},"end":{"line":145,"column":11}},"45":{"start":{"line":147,"column":8},"end":{"line":151,"column":11}},"46":{"start":{"line":154,"column":8},"end":{"line":154,"column":null}},"47":{"start":{"line":155,"column":8},"end":{"line":155,"column":57}},"48":{"start":{"line":163,"column":31},"end":{"line":199,"column":1}},"49":{"start":{"line":167,"column":4},"end":{"line":198,"column":5}},"50":{"start":{"line":168,"column":32},"end":{"line":168,"column":40}},"51":{"start":{"line":170,"column":21},"end":{"line":172,"column":10}},"52":{"start":{"line":174,"column":8},"end":{"line":178,"column":9}},"53":{"start":{"line":175,"column":12},"end":{"line":177,"column":15}},"54":{"start":{"line":180,"column":8},"end":{"line":187,"column":9}},"55":{"start":{"line":184,"column":12},"end":{"line":186,"column":15}},"56":{"start":{"line":189,"column":8},"end":{"line":192,"column":11}},"57":{"start":{"line":195,"column":8},"end":{"line":197,"column":11}},"58":{"start":{"line":204,"column":29},"end":{"line":241,"column":1}},"59":{"start":{"line":208,"column":4},"end":{"line":240,"column":5}},"60":{"start":{"line":210,"column":12},"end":{"line":210,"column":20}},"61":{"start":{"line":212,"column":21},"end":{"line":214,"column":10}},"62":{"start":{"line":216,"column":8},"end":{"line":220,"column":9}},"63":{"start":{"line":217,"column":12},"end":{"line":219,"column":15}},"64":{"start":{"line":223,"column":12},"end":{"line":223,"column":43}},"65":{"start":{"line":225,"column":8},"end":{"line":228,"column":11}},"66":{"start":{"line":230,"column":8},"end":{"line":234,"column":11}},"67":{"start":{"line":237,"column":8},"end":{"line":239,"column":11}}},"fnMap":{"0":{"name":"(anonymous_0)","decl":{"start":{"line":7,"column":25},"end":{"line":7,"column":30}},"loc":{"start":{"line":7,"column":63},"end":{"line":47,"column":1}}},"1":{"name":"(anonymous_1)","decl":{"start":{"line":50,"column":30},"end":{"line":50,"column":35}},"loc":{"start":{"line":50,"column":68},"end":{"line":72,"column":1}}},"2":{"name":"(anonymous_2)","decl":{"start":{"line":75,"column":26},"end":{"line":75,"column":31}},"loc":{"start":{"line":75,"column":64},"end":{"line":96,"column":1}}},"3":{"name":"(anonymous_3)","decl":{"start":{"line":101,"column":30},"end":{"line":101,"column":35}},"loc":{"start":{"line":101,"column":68},"end":{"line":158,"column":1}}},"4":{"name":"(anonymous_4)","decl":{"start":{"line":163,"column":31},"end":{"line":163,"column":36}},"loc":{"start":{"line":166,"column":4},"end":{"line":199,"column":1}}},"5":{"name":"(anonymous_5)","decl":{"start":{"line":204,"column":29},"end":{"line":204,"column":34}},"loc":{"start":{"line":207,"column":4},"end":{"line":241,"column":1}}}},"branchMap":{"0":{"loc":{"start":{"line":13,"column":8},"end":{"line":15,"column":9}},"type":"if","locations":[{"start":{"line":13,"column":8},"end":{"line":15,"column":9}},{"start":{},"end":{}}]},"1":{"loc":{"start":{"line":19,"column":8},"end":{"line":21,"column":9}},"type":"if","locations":[{"start":{"line":19,"column":8},"end":{"line":21,"column":9}},{"start":{},"end":{}}]},"2":{"loc":{"start":{"line":24,"column":8},"end":{"line":26,"column":9}},"type":"if","locations":[{"start":{"line":24,"column":8},"end":{"line":26,"column":9}},{"start":{},"end":{}}]},"3":{"loc":{"start":{"line":61,"column":8},"end":{"line":65,"column":9}},"type":"if","locations":[{"start":{"line":61,"column":8},"end":{"line":65,"column":9}},{"start":{},"end":{}}]},"4":{"loc":{"start":{"line":105,"column":8},"end":{"line":107,"column":9}},"type":"if","locations":[{"start":{"line":105,"column":8},"end":{"line":107,"column":9}},{"start":{},"end":{}}]},"5":{"loc":{"start":{"line":113,"column":8},"end":{"line":115,"column":9}},"type":"if","locations":[{"start":{"line":113,"column":8},"end":{"line":115,"column":9}},{"start":{},"end":{}}]},"6":{"loc":{"start":{"line":174,"column":8},"end":{"line":178,"column":9}},"type":"if","locations":[{"start":{"line":174,"column":8},"end":{"line":178,"column":9}},{"start":{},"end":{}}]},"7":{"loc":{"start":{"line":180,"column":8},"end":{"line":187,"column":9}},"type":"if","locations":[{"start":{"line":180,"column":8},"end":{"line":187,"column":9}},{"start":{},"end":{}}]},"8":{"loc":{"start":{"line":216,"column":8},"end":{"line":220,"column":9}},"type":"if","locations":[{"start":{"line":216,"column":8},"end":{"line":220,"column":9}},{"start":{},"end":{}}]}},"s":{"0":1,"1":1,"2":1,"3":1,"4":1,"5":0,"6":1,"7":1,"8":0,"9":1,"10":0,"11":1,"12":1,"13":0,"14":0,"15":1,"16":0,"17":0,"18":0,"19":0,"20":0,"21":0,"22":0,"23":1,"24":0,"25":0,"26":0,"27":0,"28":0,"29":0,"30":0,"31":0,"32":0,"33":1,"34":0,"35":0,"36":0,"37":0,"38":0,"39":0,"40":0,"41":0,"42":0,"43":0,"44":0,"45":0,"46":0,"47":0,"48":1,"49":0,"50":0,"51":0,"52":0,"53":0,"54":0,"55":0,"56":0,"57":0,"58":1,"59":0,"60":0,"61":0,"62":0,"63":0,"64":0,"65":0,"66":0,"67":0},"f":{"0":1,"1":0,"2":0,"3":0,"4":0,"5":0},"b":{"0":[0,1],"1":[0,1],"2":[0,1],"3":[0,0],"4":[0,0],"5":[0,0],"6":[0,0],"7":[0,0],"8":[0,0]}}
,"D:\\Kuliah\\Project\\Twnty Cafe\\fourtwnty-cafe\\server\\src\\middlewares\\authMiddleware.ts": {"path":"D:\\Kuliah\\Project\\Twnty Cafe\\fourtwnty-cafe\\server\\src\\middlewares\\authMiddleware.ts","statementMap":{"0":{"start":{"line":4,"column":30},"end":{"line":26,"column":1}},"1":{"start":{"line":5,"column":2},"end":{"line":25,"column":3}},"2":{"start":{"line":6,"column":23},"end":{"line":6,"column":48}},"3":{"start":{"line":8,"column":4},"end":{"line":10,"column":5}},"4":{"start":{"line":9,"column":6},"end":{"line":9,"column":59}},"5":{"start":{"line":12,"column":18},"end":{"line":12,"column":52}},"6":{"start":{"line":14,"column":4},"end":{"line":16,"column":5}},"7":{"start":{"line":15,"column":6},"end":{"line":15,"column":48}},"8":{"start":{"line":18,"column":20},"end":{"line":18,"column":61}},"9":{"start":{"line":20,"column":5},"end":{"line":20,"column":32}},"10":{"start":{"line":22,"column":4},"end":{"line":22,"column":11}},"11":{"start":{"line":24,"column":4},"end":{"line":24,"column":62}}},"fnMap":{"0":{"name":"(anonymous_0)","decl":{"start":{"line":4,"column":30},"end":{"line":4,"column":31}},"loc":{"start":{"line":4,"column":82},"end":{"line":26,"column":1}}}},"branchMap":{"0":{"loc":{"start":{"line":8,"column":4},"end":{"line":10,"column":5}},"type":"if","locations":[{"start":{"line":8,"column":4},"end":{"line":10,"column":5}},{"start":{},"end":{}}]},"1":{"loc":{"start":{"line":14,"column":4},"end":{"line":16,"column":5}},"type":"if","locations":[{"start":{"line":14,"column":4},"end":{"line":16,"column":5}},{"start":{},"end":{}}]}},"s":{"0":1,"1":34,"2":34,"3":34,"4":0,"5":34,"6":34,"7":0,"8":34,"9":34,"10":34,"11":0},"f":{"0":34},"b":{"0":[0,34],"1":[0,34]}}
,"D:\\Kuliah\\Project\\Twnty Cafe\\fourtwnty-cafe\\server\\src\\routes\\AuthenticationRoutes.ts": {"path":"D:\\Kuliah\\Project\\Twnty Cafe\\fourtwnty-cafe\\server\\src\\routes\\AuthenticationRoutes.ts","statementMap":{"0":{"start":{"line":4,"column":23},"end":{"line":4,"column":31}},"1":{"start":{"line":6,"column":0},"end":{"line":6,"column":37}},"2":{"start":{"line":7,"column":0},"end":{"line":7,"column":33}},"3":{"start":{"line":8,"column":0},"end":{"line":8,"column":36}},"4":{"start":{"line":10,"column":0},"end":{"line":10,"column":48}},"5":{"start":{"line":11,"column":0},"end":{"line":11,"column":51}},"6":{"start":{"line":12,"column":0},"end":{"line":12,"column":46}}},"fnMap":{},"branchMap":{},"s":{"0":1,"1":1,"2":1,"3":1,"4":1,"5":1,"6":1},"f":{},"b":{}}
,"D:\\Kuliah\\Project\\Twnty Cafe\\fourtwnty-cafe\\server\\src\\routes\\CreateStaffRoutes.ts": {"path":"D:\\Kuliah\\Project\\Twnty Cafe\\fourtwnty-cafe\\server\\src\\routes\\CreateStaffRoutes.ts","statementMap":{"0":{"start":{"line":4,"column":23},"end":{"line":4,"column":31}},"1":{"start":{"line":6,"column":0},"end":{"line":6,"column":null}},"2":{"start":{"line":7,"column":0},"end":{"line":7,"column":null}},"3":{"start":{"line":8,"column":0},"end":{"line":8,"column":null}},"4":{"start":{"line":9,"column":0},"end":{"line":9,"column":null}},"5":{"start":{"line":10,"column":0},"end":{"line":10,"column":null}}},"fnMap":{},"branchMap":{},"s":{"0":1,"1":1,"2":1,"3":1,"4":1,"5":1},"f":{},"b":{}}
,"D:\\Kuliah\\Project\\Twnty Cafe\\fourtwnty-cafe\\server\\src\\routes\\GlobalApi.ts": {"path":"D:\\Kuliah\\Project\\Twnty Cafe\\fourtwnty-cafe\\server\\src\\routes\\GlobalApi.ts","statementMap":{"0":{"start":{"line":12,"column":23},"end":{"line":12,"column":31}},"1":{"start":{"line":15,"column":0},"end":{"line":15,"column":42}},"2":{"start":{"line":19,"column":0},"end":{"line":19,"column":null}},"3":{"start":{"line":20,"column":0},"end":{"line":20,"column":null}},"4":{"start":{"line":21,"column":0},"end":{"line":21,"column":null}},"5":{"start":{"line":22,"column":0},"end":{"line":22,"column":null}},"6":{"start":{"line":23,"column":0},"end":{"line":23,"column":null}},"7":{"start":{"line":24,"column":0},"end":{"line":24,"column":null}},"8":{"start":{"line":25,"column":0},"end":{"line":25,"column":null}}},"fnMap":{},"branchMap":{},"s":{"0":1,"1":1,"2":1,"3":1,"4":1,"5":1,"6":1,"7":1,"8":1},"f":{},"b":{}}
,"D:\\Kuliah\\Project\\Twnty Cafe\\fourtwnty-cafe\\server\\src\\routes\\MenuRoutes.ts": {"path":"D:\\Kuliah\\Project\\Twnty Cafe\\fourtwnty-cafe\\server\\src\\routes\\MenuRoutes.ts","statementMap":{"0":{"start":{"line":4,"column":23},"end":{"line":4,"column":31}},"1":{"start":{"line":6,"column":0},"end":{"line":6,"column":46}},"2":{"start":{"line":7,"column":0},"end":{"line":7,"column":32}},"3":{"start":{"line":8,"column":0},"end":{"line":8,"column":35}},"4":{"start":{"line":9,"column":0},"end":{"line":9,"column":38}},"5":{"start":{"line":10,"column":0},"end":{"line":10,"column":41}}},"fnMap":{},"branchMap":{},"s":{"0":1,"1":1,"2":1,"3":1,"4":1,"5":1},"f":{},"b":{}}
,"D:\\Kuliah\\Project\\Twnty Cafe\\fourtwnty-cafe\\server\\src\\routes\\OrderRoutes.ts": {"path":"D:\\Kuliah\\Project\\Twnty Cafe\\fourtwnty-cafe\\server\\src\\routes\\OrderRoutes.ts","statementMap":{"0":{"start":{"line":4,"column":23},"end":{"line":4,"column":31}},"1":{"start":{"line":6,"column":0},"end":{"line":6,"column":null}},"2":{"start":{"line":7,"column":0},"end":{"line":7,"column":null}},"3":{"start":{"line":8,"column":0},"end":{"line":8,"column":null}},"4":{"start":{"line":9,"column":0},"end":{"line":9,"column":null}},"5":{"start":{"line":10,"column":0},"end":{"line":10,"column":null}}},"fnMap":{},"branchMap":{},"s":{"0":1,"1":1,"2":1,"3":1,"4":1,"5":1},"f":{},"b":{}}
,"D:\\Kuliah\\Project\\Twnty Cafe\\fourtwnty-cafe\\server\\src\\routes\\ReportRoutes.ts": {"path":"D:\\Kuliah\\Project\\Twnty Cafe\\fourtwnty-cafe\\server\\src\\routes\\ReportRoutes.ts","statementMap":{"0":{"start":{"line":4,"column":23},"end":{"line":4,"column":31}},"1":{"start":{"line":7,"column":0},"end":{"line":7,"column":27}}},"fnMap":{},"branchMap":{},"s":{"0":1,"1":1},"f":{},"b":{}}
,"D:\\Kuliah\\Project\\Twnty Cafe\\fourtwnty-cafe\\server\\src\\routes\\ReservationRoutes.ts": {"path":"D:\\Kuliah\\Project\\Twnty Cafe\\fourtwnty-cafe\\server\\src\\routes\\ReservationRoutes.ts","statementMap":{"0":{"start":{"line":5,"column":23},"end":{"line":5,"column":31}},"1":{"start":{"line":7,"column":0},"end":{"line":7,"column":38}},"2":{"start":{"line":8,"column":0},"end":{"line":8,"column":58}},"3":{"start":{"line":9,"column":0},"end":{"line":9,"column":49}},"4":{"start":{"line":10,"column":0},"end":{"line":10,"column":null}},"5":{"start":{"line":11,"column":0},"end":{"line":11,"column":null}}},"fnMap":{},"branchMap":{},"s":{"0":1,"1":1,"2":1,"3":1,"4":1,"5":1},"f":{},"b":{}}
,"D:\\Kuliah\\Project\\Twnty Cafe\\fourtwnty-cafe\\server\\src\\routes\\StockRoutes.ts": {"path":"D:\\Kuliah\\Project\\Twnty Cafe\\fourtwnty-cafe\\server\\src\\routes\\StockRoutes.ts","statementMap":{"0":{"start":{"line":7,"column":23},"end":{"line":7,"column":31}},"1":{"start":{"line":9,"column":0},"end":{"line":9,"column":32}},"2":{"start":{"line":10,"column":0},"end":{"line":10,"column":37}},"3":{"start":{"line":11,"column":0},"end":{"line":11,"column":39}},"4":{"start":{"line":12,"column":0},"end":{"line":12,"column":42}}},"fnMap":{},"branchMap":{},"s":{"0":1,"1":1,"2":1,"3":1,"4":1},"f":{},"b":{}}
,"D:\\Kuliah\\Project\\Twnty Cafe\\fourtwnty-cafe\\server\\src\\routes\\TableInformationRoutes.ts": {"path":"D:\\Kuliah\\Project\\Twnty Cafe\\fourtwnty-cafe\\server\\src\\routes\\TableInformationRoutes.ts","statementMap":{"0":{"start":{"line":4,"column":23},"end":{"line":4,"column":31}},"1":{"start":{"line":6,"column":0},"end":{"line":6,"column":50}},"2":{"start":{"line":7,"column":0},"end":{"line":7,"column":32}},"3":{"start":{"line":8,"column":0},"end":{"line":8,"column":33}},"4":{"start":{"line":9,"column":0},"end":{"line":9,"column":33}},"5":{"start":{"line":10,"column":0},"end":{"line":10,"column":32}},"6":{"start":{"line":11,"column":0},"end":{"line":11,"column":35}}},"fnMap":{},"branchMap":{},"s":{"0":1,"1":1,"2":1,"3":1,"4":1,"5":1,"6":1},"f":{},"b":{}}
}
