TN:
SF:src\config\database.ts
FNF:0
FNH:0
DA:14,1
DA:16,1
DA:26,1
LF:3
LH:3
BRF:0
BRH:0
end_of_record
TN:
SF:src\controllers\createStaffController.ts
FN:6,(anonymous_0)
FN:23,(anonymous_1)
FN:53,(anonymous_2)
FN:95,(anonymous_3)
FN:129,(anonymous_4)
FNF:5
FNH:5
FNDA:1,(anonymous_0)
FNDA:1,(anonymous_1)
FNDA:3,(anonymous_2)
FNDA:1,(anonymous_3)
FNDA:1,(anonymous_4)
DA:6,1
DA:7,1
DA:8,1
DA:16,1
DA:18,0
DA:19,0
DA:23,1
DA:24,1
DA:25,1
DA:26,1
DA:36,1
DA:37,0
DA:43,1
DA:48,0
DA:49,0
DA:53,1
DA:54,3
DA:55,3
DA:56,3
DA:58,3
DA:59,3
DA:60,3
DA:61,3
DA:63,3
DA:64,0
DA:70,3
DA:79,1
DA:90,2
DA:91,2
DA:95,1
DA:96,1
DA:97,1
DA:98,1
DA:99,1
DA:109,1
DA:110,0
DA:116,1
DA:117,1
DA:124,0
DA:125,0
DA:129,1
DA:130,1
DA:131,1
DA:132,1
DA:142,1
DA:143,0
DA:149,1
DA:151,1
DA:158,0
DA:159,0
LF:50
LH:38
BRDA:36,0,0,0
BRDA:36,0,1,1
BRDA:63,1,0,0
BRDA:63,1,1,3
BRDA:63,2,0,3
BRDA:63,2,1,3
BRDA:63,2,2,3
BRDA:63,2,3,3
BRDA:109,3,0,0
BRDA:109,3,1,1
BRDA:142,4,0,0
BRDA:142,4,1,1
BRF:12
BRH:8
end_of_record
TN:
SF:src\controllers\menuController.ts
FN:6,(anonymous_0)
FN:29,(anonymous_1)
FN:59,(anonymous_2)
FN:81,(anonymous_3)
FN:107,(anonymous_4)
FN:145,(anonymous_5)
FN:171,(anonymous_6)
FNF:7
FNH:5
FNDA:1,(anonymous_0)
FNDA:1,(anonymous_1)
FNDA:1,(anonymous_2)
FNDA:0,(anonymous_3)
FNDA:1,(anonymous_4)
FNDA:0,(anonymous_5)
FNDA:1,(anonymous_6)
DA:6,1
DA:7,1
DA:8,1
DA:19,1
DA:22,0
DA:23,0
DA:29,1
DA:30,1
DA:31,1
DA:33,1
DA:43,1
DA:44,0
DA:49,1
DA:52,0
DA:53,0
DA:59,1
DA:60,1
DA:68,1
DA:70,1
DA:79,1
DA:80,0
DA:81,0
DA:88,0
DA:91,1
DA:98,0
DA:99,0
DA:107,1
DA:108,1
DA:109,1
DA:117,1
DA:119,1
DA:121,1
DA:122,0
DA:129,1
DA:138,1
DA:143,1
DA:144,0
DA:145,0
DA:152,0
DA:155,1
DA:162,0
DA:163,0
DA:171,1
DA:172,1
DA:173,1
DA:175,1
DA:177,1
DA:178,0
DA:185,1
DA:190,1
DA:192,1
DA:198,0
DA:199,0
LF:53
LH:34
BRDA:43,0,0,0
BRDA:43,0,1,1
BRDA:74,1,0,0
BRDA:74,1,1,1
BRDA:79,2,0,0
BRDA:79,2,1,1
BRDA:79,3,0,1
BRDA:79,3,1,0
BRDA:121,4,0,0
BRDA:121,4,1,1
BRDA:133,5,0,0
BRDA:133,5,1,1
BRDA:143,6,0,0
BRDA:143,6,1,1
BRDA:143,7,0,1
BRDA:143,7,1,0
BRDA:177,8,0,0
BRDA:177,8,1,1
BRF:18
BRH:9
end_of_record
TN:
SF:src\controllers\orderController.ts
FN:11,(anonymous_0)
FN:26,(anonymous_1)
FN:108,(anonymous_2)
FN:132,(anonymous_3)
FN:180,(anonymous_4)
FN:238,(anonymous_5)
FN:294,(anonymous_6)
FNF:7
FNH:1
FNDA:0,(anonymous_0)
FNDA:0,(anonymous_1)
FNDA:0,(anonymous_2)
FNDA:0,(anonymous_3)
FNDA:1,(anonymous_4)
FNDA:0,(anonymous_5)
FNDA:0,(anonymous_6)
DA:11,1
DA:12,0
DA:13,0
DA:17,0
DA:20,0
DA:26,1
DA:27,0
DA:28,0
DA:30,0
DA:36,0
DA:37,0
DA:47,0
DA:48,0
DA:60,0
DA:61,0
DA:62,0
DA:63,0
DA:64,0
DA:66,0
DA:68,0
DA:69,0
DA:80,0
DA:81,0
DA:94,0
DA:95,0
DA:97,0
DA:99,0
DA:101,0
DA:107,0
DA:112,0
DA:116,0
DA:134,0
DA:148,0
DA:164,0
DA:170,0
DA:172,0
DA:180,1
DA:181,1
DA:182,1
DA:229,0
DA:231,1
DA:232,1
DA:238,1
DA:239,0
DA:240,0
DA:241,0
DA:243,0
DA:252,0
DA:253,0
DA:260,0
DA:266,0
DA:277,0
DA:284,0
DA:286,0
DA:294,1
DA:295,0
DA:296,0
DA:314,0
DA:317,0
DA:319,0
LF:60
LH:9
BRDA:36,0,0,0
BRDA:36,0,1,0
BRDA:68,1,0,0
BRDA:68,1,1,0
BRDA:141,2,0,0
BRDA:141,2,1,0
BRDA:252,3,0,0
BRDA:252,3,1,0
BRF:8
BRH:0
end_of_record
TN:
SF:src\controllers\reportController.ts
FN:7,(anonymous_0)
FN:38,(anonymous_1)
FN:44,(anonymous_2)
FN:45,(anonymous_3)
FN:46,(anonymous_4)
FN:47,(anonymous_5)
FNF:6
FNH:0
FNDA:0,(anonymous_0)
FNDA:0,(anonymous_1)
FNDA:0,(anonymous_2)
FNDA:0,(anonymous_3)
FNDA:0,(anonymous_4)
FNDA:0,(anonymous_5)
DA:7,1
DA:8,0
DA:9,0
DA:11,0
DA:12,0
DA:14,0
DA:15,0
DA:17,0
DA:18,0
DA:20,0
DA:37,0
DA:38,0
DA:39,0
DA:40,0
DA:44,0
DA:45,0
DA:46,0
DA:47,0
DA:49,0
DA:61,0
DA:62,0
LF:21
LH:1
BRDA:11,0,0,0
BRDA:11,0,1,0
BRDA:11,1,0,0
BRDA:11,1,1,0
BRF:4
BRH:0
end_of_record
TN:
SF:src\controllers\reservationController.ts
FN:8,(anonymous_0)
FN:30,(anonymous_1)
FN:78,(anonymous_2)
FN:106,(anonymous_3)
FN:143,(anonymous_4)
FNF:5
FNH:2
FNDA:1,(anonymous_0)
FNDA:0,(anonymous_1)
FNDA:1,(anonymous_2)
FNDA:0,(anonymous_3)
FNDA:0,(anonymous_4)
DA:8,1
DA:9,1
DA:10,1
DA:23,0
DA:25,1
DA:26,1
DA:30,1
DA:31,0
DA:32,0
DA:33,0
DA:34,0
DA:36,0
DA:37,0
DA:38,0
DA:44,0
DA:50,0
DA:51,0
DA:58,0
DA:67,0
DA:73,0
DA:74,0
DA:78,1
DA:79,1
DA:80,1
DA:81,1
DA:83,1
DA:84,1
DA:85,0
DA:90,1
DA:94,1
DA:101,0
DA:102,0
DA:106,1
DA:107,0
DA:108,0
DA:109,0
DA:111,0
DA:113,0
DA:120,0
DA:121,0
DA:126,0
DA:131,0
DA:138,0
DA:139,0
DA:143,1
DA:144,0
DA:145,0
DA:147,0
DA:160,0
DA:165,0
DA:166,0
LF:51
LH:16
BRDA:37,0,0,0
BRDA:37,0,1,0
BRDA:37,1,0,0
BRDA:37,1,1,0
BRDA:50,2,0,0
BRDA:50,2,1,0
BRDA:84,3,0,0
BRDA:84,3,1,1
BRDA:120,4,0,0
BRDA:120,4,1,0
BRF:10
BRH:1
end_of_record
TN:
SF:src\controllers\stockController.ts
FN:5,(anonymous_0)
FN:16,(anonymous_1)
FN:27,(anonymous_2)
FN:39,(anonymous_3)
FNF:4
FNH:4
FNDA:1,(anonymous_0)
FNDA:1,(anonymous_1)
FNDA:1,(anonymous_2)
FNDA:1,(anonymous_3)
DA:5,1
DA:6,1
DA:7,1
DA:8,1
DA:10,0
DA:11,0
DA:16,1
DA:17,1
DA:18,1
DA:19,1
DA:20,1
DA:22,0
DA:27,1
DA:28,1
DA:29,1
DA:30,1
DA:31,1
DA:32,1
DA:34,0
DA:39,1
DA:40,1
DA:41,1
DA:42,1
DA:43,1
DA:46,0
LF:25
LH:20
BRF:0
BRH:0
end_of_record
TN:
SF:src\controllers\tableInformationController.ts
FN:7,(anonymous_0)
FN:22,(anonymous_1)
FN:49,(anonymous_2)
FN:76,(anonymous_3)
FN:109,(anonymous_4)
FN:136,(anonymous_5)
FN:164,(anonymous_6)
FN:165,(anonymous_7)
FNF:8
FNH:7
FNDA:1,(anonymous_0)
FNDA:1,(anonymous_1)
FNDA:1,(anonymous_2)
FNDA:1,(anonymous_3)
FNDA:1,(anonymous_4)
FNDA:2,(anonymous_5)
FNDA:0,(anonymous_6)
FNDA:18,(anonymous_7)
DA:7,1
DA:8,1
DA:9,1
DA:15,1
DA:17,0
DA:18,0
DA:22,1
DA:23,1
DA:24,1
DA:25,1
DA:31,1
DA:32,0
DA:38,1
DA:44,0
DA:45,0
DA:49,1
DA:50,1
DA:51,1
DA:52,1
DA:54,1
DA:56,1
DA:57,0
DA:63,1
DA:65,1
DA:71,0
DA:72,0
DA:76,1
DA:77,1
DA:78,1
DA:85,1
DA:87,1
DA:89,1
DA:90,0
DA:96,1
DA:97,1
DA:104,0
DA:105,0
DA:109,1
DA:110,1
DA:111,1
DA:112,1
DA:114,1
DA:115,0
DA:121,1
DA:123,1
DA:131,0
DA:132,0
DA:136,1
DA:137,2
DA:138,2
DA:140,2
DA:141,1
DA:146,1
DA:152,1
DA:160,1
DA:161,1
DA:164,1
DA:165,1
DA:166,18
DA:167,18
DA:173,1
DA:176,0
DA:177,0
LF:63
LH:47
BRDA:31,0,0,0
BRDA:31,0,1,1
BRDA:56,1,0,0
BRDA:56,1,1,1
BRDA:56,2,0,1
BRDA:56,2,1,1
BRDA:56,2,2,1
BRDA:56,2,3,1
BRDA:89,3,0,0
BRDA:89,3,1,1
BRDA:114,4,0,0
BRDA:114,4,1,1
BRDA:140,5,0,1
BRDA:140,5,1,1
BRF:14
BRH:10
end_of_record
TN:
SF:src\controllers\userController.ts
FN:7,(anonymous_0)
FN:50,(anonymous_1)
FN:75,(anonymous_2)
FN:101,(anonymous_3)
FN:163,(anonymous_4)
FN:204,(anonymous_5)
FNF:6
FNH:1
FNDA:1,(anonymous_0)
FNDA:0,(anonymous_1)
FNDA:0,(anonymous_2)
FNDA:0,(anonymous_3)
FNDA:0,(anonymous_4)
FNDA:0,(anonymous_5)
DA:7,1
DA:8,1
DA:9,1
DA:12,1
DA:13,1
DA:14,0
DA:18,1
DA:19,1
DA:20,0
DA:24,1
DA:25,0
DA:27,1
DA:38,1
DA:44,0
DA:45,0
DA:50,1
DA:51,0
DA:52,0
DA:54,0
DA:61,0
DA:62,0
DA:66,0
DA:68,0
DA:75,1
DA:76,0
DA:77,0
DA:79,0
DA:80,0
DA:82,0
DA:89,0
DA:91,0
DA:93,0
DA:94,0
DA:101,1
DA:102,0
DA:103,0
DA:105,0
DA:106,0
DA:109,0
DA:113,0
DA:114,0
DA:117,0
DA:119,0
DA:122,0
DA:130,0
DA:147,0
DA:154,0
DA:155,0
DA:163,1
DA:167,0
DA:168,0
DA:170,0
DA:174,0
DA:175,0
DA:180,0
DA:184,0
DA:189,0
DA:195,0
DA:204,1
DA:208,0
DA:210,0
DA:212,0
DA:216,0
DA:217,0
DA:223,0
DA:225,0
DA:230,0
DA:237,0
LF:68
LH:15
BRDA:13,0,0,0
BRDA:13,0,1,1
BRDA:19,1,0,0
BRDA:19,1,1,1
BRDA:24,2,0,0
BRDA:24,2,1,1
BRDA:61,3,0,0
BRDA:61,3,1,0
BRDA:105,4,0,0
BRDA:105,4,1,0
BRDA:113,5,0,0
BRDA:113,5,1,0
BRDA:174,6,0,0
BRDA:174,6,1,0
BRDA:180,7,0,0
BRDA:180,7,1,0
BRDA:216,8,0,0
BRDA:216,8,1,0
BRF:18
BRH:3
end_of_record
TN:
SF:src\middlewares\authMiddleware.ts
FN:4,(anonymous_0)
FNF:1
FNH:1
FNDA:29,(anonymous_0)
DA:4,1
DA:5,29
DA:6,29
DA:8,29
DA:9,0
DA:12,29
DA:14,29
DA:15,0
DA:18,29
DA:20,29
DA:22,29
DA:24,0
LF:12
LH:9
BRDA:8,0,0,0
BRDA:8,0,1,29
BRDA:14,1,0,0
BRDA:14,1,1,29
BRF:4
BRH:2
end_of_record
TN:
SF:src\routes\AuthenticationRoutes.ts
FNF:0
FNH:0
DA:4,1
DA:6,1
DA:7,1
DA:8,1
DA:10,1
DA:11,1
DA:12,1
LF:7
LH:7
BRF:0
BRH:0
end_of_record
TN:
SF:src\routes\CreateStaffRoutes.ts
FNF:0
FNH:0
DA:4,1
DA:6,1
DA:7,1
DA:8,1
DA:9,1
DA:10,1
LF:6
LH:6
BRF:0
BRH:0
end_of_record
TN:
SF:src\routes\GlobalApi.ts
FNF:0
FNH:0
DA:12,1
DA:15,1
DA:19,1
DA:20,1
DA:21,1
DA:22,1
DA:23,1
DA:24,1
DA:25,1
LF:9
LH:9
BRF:0
BRH:0
end_of_record
TN:
SF:src\routes\MenuRoutes.ts
FNF:0
FNH:0
DA:4,1
DA:6,1
DA:7,1
DA:8,1
DA:9,1
DA:10,1
LF:6
LH:6
BRF:0
BRH:0
end_of_record
TN:
SF:src\routes\OrderRoutes.ts
FNF:0
FNH:0
DA:4,1
DA:6,1
DA:7,1
DA:8,1
DA:9,1
DA:10,1
LF:6
LH:6
BRF:0
BRH:0
end_of_record
TN:
SF:src\routes\ReportRoutes.ts
FNF:0
FNH:0
DA:4,1
DA:7,1
LF:2
LH:2
BRF:0
BRH:0
end_of_record
TN:
SF:src\routes\ReservationRoutes.ts
FNF:0
FNH:0
DA:5,1
DA:7,1
DA:8,1
DA:9,1
DA:10,1
DA:11,1
LF:6
LH:6
BRF:0
BRH:0
end_of_record
TN:
SF:src\routes\StockRoutes.ts
FNF:0
FNH:0
DA:7,1
DA:9,1
DA:10,1
DA:11,1
DA:12,1
LF:5
LH:5
BRF:0
BRH:0
end_of_record
TN:
SF:src\routes\TableInformationRoutes.ts
FNF:0
FNH:0
DA:4,1
DA:6,1
DA:7,1
DA:8,1
DA:9,1
DA:10,1
DA:11,1
LF:7
LH:7
BRF:0
BRH:0
end_of_record
